{"C:\\Users\\User\\OneDrive\\Desktop\\studiing\\class2022\\dist\\server.js": {"path":"C:\\Users\\User\\OneDrive\\Desktop\\studiing\\class2022\\dist\\server.js","statementMap":{"0":{"start":{"line":2,"column":22},"end":{"line":4,"column":1}},"1":{"start":{"line":3,"column":4},"end":{"line":3,"column":62}},"2":{"start":{"line":5,"column":18},"end":{"line":5,"column":53}},"3":{"start":{"line":6,"column":12},"end":{"line":6,"column":36}},"4":{"start":{"line":7,"column":17},"end":{"line":7,"column":51}},"5":{"start":{"line":8,"column":0},"end":{"line":8,"column":26}},"6":{"start":{"line":9,"column":0},"end":{"line":9,"column":34}},"7":{"start":{"line":10,"column":19},"end":{"line":10,"column":55}},"8":{"start":{"line":11,"column":0},"end":{"line":11,"column":53}},"9":{"start":{"line":12,"column":11},"end":{"line":12,"column":40}},"10":{"start":{"line":13,"column":0},"end":{"line":13,"column":51}},"11":{"start":{"line":13,"column":26},"end":{"line":13,"column":47}},"12":{"start":{"line":14,"column":0},"end":{"line":14,"column":57}},"13":{"start":{"line":14,"column":22},"end":{"line":14,"column":55}},"14":{"start":{"line":15,"column":22},"end":{"line":15,"column":61}},"15":{"start":{"line":16,"column":0},"end":{"line":16,"column":76}},"16":{"start":{"line":17,"column":0},"end":{"line":17,"column":38}},"17":{"start":{"line":18,"column":22},"end":{"line":18,"column":70}},"18":{"start":{"line":19,"column":0},"end":{"line":19,"column":40}},"19":{"start":{"line":20,"column":22},"end":{"line":20,"column":70}},"20":{"start":{"line":21,"column":0},"end":{"line":21,"column":40}},"21":{"start":{"line":22,"column":0},"end":{"line":22,"column":21}}},"fnMap":{"0":{"name":"(anonymous_0)","decl":{"start":{"line":2,"column":56},"end":{"line":2,"column":57}},"loc":{"start":{"line":2,"column":71},"end":{"line":4,"column":1}},"line":2},"1":{"name":"(anonymous_1)","decl":{"start":{"line":13,"column":15},"end":{"line":13,"column":16}},"loc":{"start":{"line":13,"column":24},"end":{"line":13,"column":49}},"line":13},"2":{"name":"(anonymous_2)","decl":{"start":{"line":14,"column":16},"end":{"line":14,"column":17}},"loc":{"start":{"line":14,"column":22},"end":{"line":14,"column":55}},"line":14}},"branchMap":{"0":{"loc":{"start":{"line":2,"column":22},"end":{"line":4,"column":1}},"type":"binary-expr","locations":[{"start":{"line":2,"column":23},"end":{"line":2,"column":27}},{"start":{"line":2,"column":31},"end":{"line":2,"column":51}},{"start":{"line":2,"column":56},"end":{"line":4,"column":1}}],"line":2},"1":{"loc":{"start":{"line":3,"column":11},"end":{"line":3,"column":61}},"type":"cond-expr","locations":[{"start":{"line":3,"column":37},"end":{"line":3,"column":40}},{"start":{"line":3,"column":43},"end":{"line":3,"column":61}}],"line":3},"2":{"loc":{"start":{"line":3,"column":12},"end":{"line":3,"column":33}},"type":"binary-expr","locations":[{"start":{"line":3,"column":12},"end":{"line":3,"column":15}},{"start":{"line":3,"column":19},"end":{"line":3,"column":33}}],"line":3}},"s":{"0":1,"1":6,"2":1,"3":1,"4":1,"5":1,"6":1,"7":1,"8":1,"9":1,"10":1,"11":0,"12":1,"13":1,"14":1,"15":1,"16":1,"17":1,"18":1,"19":1,"20":1,"21":1},"f":{"0":6,"1":0,"2":1},"b":{"0":[1,1,1],"1":[0,6],"2":[6,6]},"inputSourceMap":null,"_coverageSchema":"1a1c01bbd47fc00a2c39e90264f33305004495a9","hash":"eaed0cd4e55322e347e4338360582f21e2ab5922"}
,"C:\\Users\\User\\OneDrive\\Desktop\\studiing\\class2022\\dist\\common\\auth_middleware.js": {"path":"C:\\Users\\User\\OneDrive\\Desktop\\studiing\\class2022\\dist\\common\\auth_middleware.js","statementMap":{"0":{"start":{"line":2,"column":16},"end":{"line":10,"column":1}},"1":{"start":{"line":3,"column":28},"end":{"line":3,"column":110}},"2":{"start":{"line":3,"column":91},"end":{"line":3,"column":106}},"3":{"start":{"line":4,"column":4},"end":{"line":9,"column":7}},"4":{"start":{"line":5,"column":36},"end":{"line":5,"column":97}},"5":{"start":{"line":5,"column":42},"end":{"line":5,"column":70}},"6":{"start":{"line":5,"column":85},"end":{"line":5,"column":95}},"7":{"start":{"line":6,"column":35},"end":{"line":6,"column":100}},"8":{"start":{"line":6,"column":41},"end":{"line":6,"column":73}},"9":{"start":{"line":6,"column":88},"end":{"line":6,"column":98}},"10":{"start":{"line":7,"column":32},"end":{"line":7,"column":116}},"11":{"start":{"line":8,"column":8},"end":{"line":8,"column":78}},"12":{"start":{"line":11,"column":22},"end":{"line":13,"column":1}},"13":{"start":{"line":12,"column":4},"end":{"line":12,"column":62}},"14":{"start":{"line":14,"column":23},"end":{"line":14,"column":63}},"15":{"start":{"line":15,"column":28},"end":{"line":15,"column":56}},"16":{"start":{"line":16,"column":23},"end":{"line":31,"column":2}},"17":{"start":{"line":16,"column":48},"end":{"line":31,"column":2}},"18":{"start":{"line":17,"column":16},"end":{"line":17,"column":44}},"19":{"start":{"line":18,"column":4},"end":{"line":21,"column":5}},"20":{"start":{"line":19,"column":8},"end":{"line":19,"column":59}},"21":{"start":{"line":20,"column":8},"end":{"line":20,"column":127}},"22":{"start":{"line":22,"column":4},"end":{"line":22,"column":32}},"23":{"start":{"line":23,"column":4},"end":{"line":30,"column":7}},"24":{"start":{"line":24,"column":8},"end":{"line":27,"column":9}},"25":{"start":{"line":25,"column":12},"end":{"line":25,"column":60}},"26":{"start":{"line":26,"column":12},"end":{"line":26,"column":105}},"27":{"start":{"line":28,"column":8},"end":{"line":28,"column":30}},"28":{"start":{"line":29,"column":8},"end":{"line":29,"column":15}},"29":{"start":{"line":32,"column":0},"end":{"line":32,"column":32}}},"fnMap":{"0":{"name":"(anonymous_0)","decl":{"start":{"line":2,"column":44},"end":{"line":2,"column":45}},"loc":{"start":{"line":2,"column":89},"end":{"line":10,"column":1}},"line":2},"1":{"name":"adopt","decl":{"start":{"line":3,"column":13},"end":{"line":3,"column":18}},"loc":{"start":{"line":3,"column":26},"end":{"line":3,"column":112}},"line":3},"2":{"name":"(anonymous_2)","decl":{"start":{"line":3,"column":70},"end":{"line":3,"column":71}},"loc":{"start":{"line":3,"column":89},"end":{"line":3,"column":108}},"line":3},"3":{"name":"(anonymous_3)","decl":{"start":{"line":4,"column":36},"end":{"line":4,"column":37}},"loc":{"start":{"line":4,"column":63},"end":{"line":9,"column":5}},"line":4},"4":{"name":"fulfilled","decl":{"start":{"line":5,"column":17},"end":{"line":5,"column":26}},"loc":{"start":{"line":5,"column":34},"end":{"line":5,"column":99}},"line":5},"5":{"name":"rejected","decl":{"start":{"line":6,"column":17},"end":{"line":6,"column":25}},"loc":{"start":{"line":6,"column":33},"end":{"line":6,"column":102}},"line":6},"6":{"name":"step","decl":{"start":{"line":7,"column":17},"end":{"line":7,"column":21}},"loc":{"start":{"line":7,"column":30},"end":{"line":7,"column":118}},"line":7},"7":{"name":"(anonymous_7)","decl":{"start":{"line":11,"column":56},"end":{"line":11,"column":57}},"loc":{"start":{"line":11,"column":71},"end":{"line":13,"column":1}},"line":11},"8":{"name":"(anonymous_8)","decl":{"start":{"line":16,"column":23},"end":{"line":16,"column":24}},"loc":{"start":{"line":16,"column":48},"end":{"line":31,"column":2}},"line":16},"9":{"name":"(anonymous_9)","decl":{"start":{"line":16,"column":82},"end":{"line":16,"column":83}},"loc":{"start":{"line":16,"column":95},"end":{"line":31,"column":1}},"line":16},"10":{"name":"(anonymous_10)","decl":{"start":{"line":23,"column":74},"end":{"line":23,"column":75}},"loc":{"start":{"line":23,"column":91},"end":{"line":30,"column":5}},"line":23}},"branchMap":{"0":{"loc":{"start":{"line":2,"column":16},"end":{"line":10,"column":1}},"type":"binary-expr","locations":[{"start":{"line":2,"column":17},"end":{"line":2,"column":21}},{"start":{"line":2,"column":25},"end":{"line":2,"column":39}},{"start":{"line":2,"column":44},"end":{"line":10,"column":1}}],"line":2},"1":{"loc":{"start":{"line":3,"column":35},"end":{"line":3,"column":109}},"type":"cond-expr","locations":[{"start":{"line":3,"column":56},"end":{"line":3,"column":61}},{"start":{"line":3,"column":64},"end":{"line":3,"column":109}}],"line":3},"2":{"loc":{"start":{"line":4,"column":16},"end":{"line":4,"column":34}},"type":"binary-expr","locations":[{"start":{"line":4,"column":16},"end":{"line":4,"column":17}},{"start":{"line":4,"column":22},"end":{"line":4,"column":33}}],"line":4},"3":{"loc":{"start":{"line":7,"column":32},"end":{"line":7,"column":115}},"type":"cond-expr","locations":[{"start":{"line":7,"column":46},"end":{"line":7,"column":67}},{"start":{"line":7,"column":70},"end":{"line":7,"column":115}}],"line":7},"4":{"loc":{"start":{"line":8,"column":51},"end":{"line":8,"column":67}},"type":"binary-expr","locations":[{"start":{"line":8,"column":51},"end":{"line":8,"column":61}},{"start":{"line":8,"column":65},"end":{"line":8,"column":67}}],"line":8},"5":{"loc":{"start":{"line":11,"column":22},"end":{"line":13,"column":1}},"type":"binary-expr","locations":[{"start":{"line":11,"column":23},"end":{"line":11,"column":27}},{"start":{"line":11,"column":31},"end":{"line":11,"column":51}},{"start":{"line":11,"column":56},"end":{"line":13,"column":1}}],"line":11},"6":{"loc":{"start":{"line":12,"column":11},"end":{"line":12,"column":61}},"type":"cond-expr","locations":[{"start":{"line":12,"column":37},"end":{"line":12,"column":40}},{"start":{"line":12,"column":43},"end":{"line":12,"column":61}}],"line":12},"7":{"loc":{"start":{"line":12,"column":12},"end":{"line":12,"column":33}},"type":"binary-expr","locations":[{"start":{"line":12,"column":12},"end":{"line":12,"column":15}},{"start":{"line":12,"column":19},"end":{"line":12,"column":33}}],"line":12},"8":{"loc":{"start":{"line":18,"column":4},"end":{"line":21,"column":5}},"type":"if","locations":[{"start":{"line":18,"column":4},"end":{"line":21,"column":5}},{"start":{},"end":{}}],"line":18},"9":{"loc":{"start":{"line":18,"column":8},"end":{"line":18,"column":43}},"type":"binary-expr","locations":[{"start":{"line":18,"column":8},"end":{"line":18,"column":26}},{"start":{"line":18,"column":30},"end":{"line":18,"column":43}}],"line":18},"10":{"loc":{"start":{"line":24,"column":8},"end":{"line":27,"column":9}},"type":"if","locations":[{"start":{"line":24,"column":8},"end":{"line":27,"column":9}},{"start":{},"end":{}}],"line":24}},"s":{"0":1,"1":0,"2":0,"3":2,"4":0,"5":0,"6":0,"7":0,"8":0,"9":0,"10":2,"11":2,"12":1,"13":1,"14":1,"15":1,"16":1,"17":2,"18":2,"19":2,"20":2,"21":2,"22":0,"23":0,"24":0,"25":0,"26":0,"27":0,"28":0,"29":1},"f":{"0":2,"1":0,"2":0,"3":2,"4":0,"5":0,"6":2,"7":1,"8":2,"9":2,"10":0},"b":{"0":[1,1,1],"1":[0,0],"2":[2,2],"3":[2,0],"4":[2,2],"5":[1,1,1],"6":[0,1],"7":[1,1],"8":[2,0],"9":[2,0],"10":[0,0]},"inputSourceMap":null,"_coverageSchema":"1a1c01bbd47fc00a2c39e90264f33305004495a9","hash":"9e7106863462f3ff16434d33a90bec296e1b4061"}
,"C:\\Users\\User\\OneDrive\\Desktop\\studiing\\class2022\\dist\\controllers\\auth.js": {"path":"C:\\Users\\User\\OneDrive\\Desktop\\studiing\\class2022\\dist\\controllers\\auth.js","statementMap":{"0":{"start":{"line":2,"column":16},"end":{"line":10,"column":1}},"1":{"start":{"line":3,"column":28},"end":{"line":3,"column":110}},"2":{"start":{"line":3,"column":91},"end":{"line":3,"column":106}},"3":{"start":{"line":4,"column":4},"end":{"line":9,"column":7}},"4":{"start":{"line":5,"column":36},"end":{"line":5,"column":97}},"5":{"start":{"line":5,"column":42},"end":{"line":5,"column":70}},"6":{"start":{"line":5,"column":85},"end":{"line":5,"column":95}},"7":{"start":{"line":6,"column":35},"end":{"line":6,"column":100}},"8":{"start":{"line":6,"column":41},"end":{"line":6,"column":73}},"9":{"start":{"line":6,"column":88},"end":{"line":6,"column":98}},"10":{"start":{"line":7,"column":32},"end":{"line":7,"column":116}},"11":{"start":{"line":8,"column":8},"end":{"line":8,"column":78}},"12":{"start":{"line":11,"column":22},"end":{"line":13,"column":1}},"13":{"start":{"line":12,"column":4},"end":{"line":12,"column":62}},"14":{"start":{"line":14,"column":21},"end":{"line":14,"column":69}},"15":{"start":{"line":15,"column":28},"end":{"line":15,"column":56}},"16":{"start":{"line":16,"column":17},"end":{"line":16,"column":51}},"17":{"start":{"line":17,"column":23},"end":{"line":17,"column":63}},"18":{"start":{"line":23,"column":17},"end":{"line":65,"column":2}},"19":{"start":{"line":23,"column":31},"end":{"line":65,"column":2}},"20":{"start":{"line":24,"column":4},"end":{"line":24,"column":28}},"21":{"start":{"line":27,"column":18},"end":{"line":27,"column":32}},"22":{"start":{"line":28,"column":21},"end":{"line":28,"column":38}},"23":{"start":{"line":29,"column":4},"end":{"line":31,"column":5}},"24":{"start":{"line":30,"column":8},"end":{"line":30,"column":64}},"25":{"start":{"line":33,"column":17},"end":{"line":33,"column":51}},"26":{"start":{"line":34,"column":30},"end":{"line":34,"column":73}},"27":{"start":{"line":37,"column":17},"end":{"line":40,"column":6}},"28":{"start":{"line":41,"column":4},"end":{"line":63,"column":5}},"29":{"start":{"line":42,"column":24},"end":{"line":42,"column":41}},"30":{"start":{"line":44,"column":8},"end":{"line":44,"column":69}},"31":{"start":{"line":45,"column":28},"end":{"line":45,"column":163}},"32":{"start":{"line":46,"column":8},"end":{"line":46,"column":61}},"33":{"start":{"line":62,"column":8},"end":{"line":62,"column":93}},"34":{"start":{"line":66,"column":14},"end":{"line":96,"column":2}},"35":{"start":{"line":66,"column":28},"end":{"line":96,"column":2}},"36":{"start":{"line":67,"column":4},"end":{"line":67,"column":25}},"37":{"start":{"line":68,"column":18},"end":{"line":68,"column":32}},"38":{"start":{"line":69,"column":21},"end":{"line":69,"column":38}},"39":{"start":{"line":70,"column":4},"end":{"line":74,"column":5}},"40":{"start":{"line":71,"column":8},"end":{"line":73,"column":56}},"41":{"start":{"line":75,"column":4},"end":{"line":94,"column":5}},"42":{"start":{"line":77,"column":21},"end":{"line":77,"column":73}},"43":{"start":{"line":78,"column":8},"end":{"line":82,"column":9}},"44":{"start":{"line":79,"column":12},"end":{"line":81,"column":60}},"45":{"start":{"line":83,"column":22},"end":{"line":83,"column":77}},"46":{"start":{"line":84,"column":8},"end":{"line":88,"column":9}},"47":{"start":{"line":85,"column":12},"end":{"line":87,"column":60}},"48":{"start":{"line":89,"column":28},"end":{"line":89,"column":160}},"49":{"start":{"line":90,"column":8},"end":{"line":90,"column":61}},"50":{"start":{"line":93,"column":8},"end":{"line":93,"column":100}},"51":{"start":{"line":97,"column":0},"end":{"line":100,"column":2}}},"fnMap":{"0":{"name":"(anonymous_0)","decl":{"start":{"line":2,"column":44},"end":{"line":2,"column":45}},"loc":{"start":{"line":2,"column":89},"end":{"line":10,"column":1}},"line":2},"1":{"name":"adopt","decl":{"start":{"line":3,"column":13},"end":{"line":3,"column":18}},"loc":{"start":{"line":3,"column":26},"end":{"line":3,"column":112}},"line":3},"2":{"name":"(anonymous_2)","decl":{"start":{"line":3,"column":70},"end":{"line":3,"column":71}},"loc":{"start":{"line":3,"column":89},"end":{"line":3,"column":108}},"line":3},"3":{"name":"(anonymous_3)","decl":{"start":{"line":4,"column":36},"end":{"line":4,"column":37}},"loc":{"start":{"line":4,"column":63},"end":{"line":9,"column":5}},"line":4},"4":{"name":"fulfilled","decl":{"start":{"line":5,"column":17},"end":{"line":5,"column":26}},"loc":{"start":{"line":5,"column":34},"end":{"line":5,"column":99}},"line":5},"5":{"name":"rejected","decl":{"start":{"line":6,"column":17},"end":{"line":6,"column":25}},"loc":{"start":{"line":6,"column":33},"end":{"line":6,"column":102}},"line":6},"6":{"name":"step","decl":{"start":{"line":7,"column":17},"end":{"line":7,"column":21}},"loc":{"start":{"line":7,"column":30},"end":{"line":7,"column":118}},"line":7},"7":{"name":"(anonymous_7)","decl":{"start":{"line":11,"column":56},"end":{"line":11,"column":57}},"loc":{"start":{"line":11,"column":71},"end":{"line":13,"column":1}},"line":11},"8":{"name":"(anonymous_8)","decl":{"start":{"line":23,"column":17},"end":{"line":23,"column":18}},"loc":{"start":{"line":23,"column":31},"end":{"line":65,"column":2}},"line":23},"9":{"name":"(anonymous_9)","decl":{"start":{"line":23,"column":65},"end":{"line":23,"column":66}},"loc":{"start":{"line":23,"column":78},"end":{"line":65,"column":1}},"line":23},"10":{"name":"(anonymous_10)","decl":{"start":{"line":66,"column":14},"end":{"line":66,"column":15}},"loc":{"start":{"line":66,"column":28},"end":{"line":96,"column":2}},"line":66},"11":{"name":"(anonymous_11)","decl":{"start":{"line":66,"column":62},"end":{"line":66,"column":63}},"loc":{"start":{"line":66,"column":75},"end":{"line":96,"column":1}},"line":66}},"branchMap":{"0":{"loc":{"start":{"line":2,"column":16},"end":{"line":10,"column":1}},"type":"binary-expr","locations":[{"start":{"line":2,"column":17},"end":{"line":2,"column":21}},{"start":{"line":2,"column":25},"end":{"line":2,"column":39}},{"start":{"line":2,"column":44},"end":{"line":10,"column":1}}],"line":2},"1":{"loc":{"start":{"line":3,"column":35},"end":{"line":3,"column":109}},"type":"cond-expr","locations":[{"start":{"line":3,"column":56},"end":{"line":3,"column":61}},{"start":{"line":3,"column":64},"end":{"line":3,"column":109}}],"line":3},"2":{"loc":{"start":{"line":4,"column":16},"end":{"line":4,"column":34}},"type":"binary-expr","locations":[{"start":{"line":4,"column":16},"end":{"line":4,"column":17}},{"start":{"line":4,"column":22},"end":{"line":4,"column":33}}],"line":4},"3":{"loc":{"start":{"line":7,"column":32},"end":{"line":7,"column":115}},"type":"cond-expr","locations":[{"start":{"line":7,"column":46},"end":{"line":7,"column":67}},{"start":{"line":7,"column":70},"end":{"line":7,"column":115}}],"line":7},"4":{"loc":{"start":{"line":8,"column":51},"end":{"line":8,"column":67}},"type":"binary-expr","locations":[{"start":{"line":8,"column":51},"end":{"line":8,"column":61}},{"start":{"line":8,"column":65},"end":{"line":8,"column":67}}],"line":8},"5":{"loc":{"start":{"line":11,"column":22},"end":{"line":13,"column":1}},"type":"binary-expr","locations":[{"start":{"line":11,"column":23},"end":{"line":11,"column":27}},{"start":{"line":11,"column":31},"end":{"line":11,"column":51}},{"start":{"line":11,"column":56},"end":{"line":13,"column":1}}],"line":11},"6":{"loc":{"start":{"line":12,"column":11},"end":{"line":12,"column":61}},"type":"cond-expr","locations":[{"start":{"line":12,"column":37},"end":{"line":12,"column":40}},{"start":{"line":12,"column":43},"end":{"line":12,"column":61}}],"line":12},"7":{"loc":{"start":{"line":12,"column":12},"end":{"line":12,"column":33}},"type":"binary-expr","locations":[{"start":{"line":12,"column":12},"end":{"line":12,"column":15}},{"start":{"line":12,"column":19},"end":{"line":12,"column":33}}],"line":12},"8":{"loc":{"start":{"line":29,"column":4},"end":{"line":31,"column":5}},"type":"if","locations":[{"start":{"line":29,"column":4},"end":{"line":31,"column":5}},{"start":{},"end":{}}],"line":29},"9":{"loc":{"start":{"line":29,"column":8},"end":{"line":29,"column":88}},"type":"binary-expr","locations":[{"start":{"line":29,"column":8},"end":{"line":29,"column":21}},{"start":{"line":29,"column":25},"end":{"line":29,"column":43}},{"start":{"line":29,"column":47},"end":{"line":29,"column":63}},{"start":{"line":29,"column":67},"end":{"line":29,"column":88}}],"line":29},"10":{"loc":{"start":{"line":70,"column":4},"end":{"line":74,"column":5}},"type":"if","locations":[{"start":{"line":70,"column":4},"end":{"line":74,"column":5}},{"start":{},"end":{}}],"line":70},"11":{"loc":{"start":{"line":70,"column":8},"end":{"line":70,"column":41}},"type":"binary-expr","locations":[{"start":{"line":70,"column":8},"end":{"line":70,"column":21}},{"start":{"line":70,"column":25},"end":{"line":70,"column":41}}],"line":70},"12":{"loc":{"start":{"line":78,"column":8},"end":{"line":82,"column":9}},"type":"if","locations":[{"start":{"line":78,"column":8},"end":{"line":82,"column":9}},{"start":{},"end":{}}],"line":78},"13":{"loc":{"start":{"line":84,"column":8},"end":{"line":88,"column":9}},"type":"if","locations":[{"start":{"line":84,"column":8},"end":{"line":88,"column":9}},{"start":{},"end":{}}],"line":84}},"s":{"0":1,"1":0,"2":0,"3":0,"4":0,"5":0,"6":0,"7":0,"8":0,"9":0,"10":0,"11":0,"12":1,"13":3,"14":1,"15":1,"16":1,"17":1,"18":1,"19":0,"20":0,"21":0,"22":0,"23":0,"24":0,"25":0,"26":0,"27":0,"28":0,"29":0,"30":0,"31":0,"32":0,"33":0,"34":1,"35":0,"36":0,"37":0,"38":0,"39":0,"40":0,"41":0,"42":0,"43":0,"44":0,"45":0,"46":0,"47":0,"48":0,"49":0,"50":0,"51":1},"f":{"0":0,"1":0,"2":0,"3":0,"4":0,"5":0,"6":0,"7":3,"8":0,"9":0,"10":0,"11":0},"b":{"0":[1,1,1],"1":[0,0],"2":[0,0],"3":[0,0],"4":[0,0],"5":[1,1,1],"6":[0,3],"7":[3,3],"8":[0,0],"9":[0,0,0,0],"10":[0,0],"11":[0,0],"12":[0,0],"13":[0,0]},"inputSourceMap":null,"_coverageSchema":"1a1c01bbd47fc00a2c39e90264f33305004495a9","hash":"005918e3f3ec1934162ca3dfb505320b26a45ddd"}
,"C:\\Users\\User\\OneDrive\\Desktop\\studiing\\class2022\\dist\\controllers\\post.js": {"path":"C:\\Users\\User\\OneDrive\\Desktop\\studiing\\class2022\\dist\\controllers\\post.js","statementMap":{"0":{"start":{"line":2,"column":16},"end":{"line":10,"column":1}},"1":{"start":{"line":3,"column":28},"end":{"line":3,"column":110}},"2":{"start":{"line":3,"column":91},"end":{"line":3,"column":106}},"3":{"start":{"line":4,"column":4},"end":{"line":9,"column":7}},"4":{"start":{"line":5,"column":36},"end":{"line":5,"column":97}},"5":{"start":{"line":5,"column":42},"end":{"line":5,"column":70}},"6":{"start":{"line":5,"column":85},"end":{"line":5,"column":95}},"7":{"start":{"line":6,"column":35},"end":{"line":6,"column":100}},"8":{"start":{"line":6,"column":41},"end":{"line":6,"column":73}},"9":{"start":{"line":6,"column":88},"end":{"line":6,"column":98}},"10":{"start":{"line":7,"column":32},"end":{"line":7,"column":116}},"11":{"start":{"line":8,"column":8},"end":{"line":8,"column":78}},"12":{"start":{"line":11,"column":22},"end":{"line":13,"column":1}},"13":{"start":{"line":12,"column":4},"end":{"line":12,"column":62}},"14":{"start":{"line":14,"column":21},"end":{"line":14,"column":69}},"15":{"start":{"line":20,"column":20},"end":{"line":38,"column":2}},"16":{"start":{"line":20,"column":34},"end":{"line":38,"column":2}},"17":{"start":{"line":21,"column":4},"end":{"line":21,"column":31}},"18":{"start":{"line":22,"column":4},"end":{"line":37,"column":5}},"19":{"start":{"line":23,"column":23},"end":{"line":23,"column":39}},"20":{"start":{"line":25,"column":8},"end":{"line":30,"column":9}},"21":{"start":{"line":26,"column":12},"end":{"line":26,"column":74}},"22":{"start":{"line":29,"column":12},"end":{"line":29,"column":54}},"23":{"start":{"line":31,"column":8},"end":{"line":31,"column":36}},"24":{"start":{"line":34,"column":8},"end":{"line":36,"column":11}},"25":{"start":{"line":39,"column":20},"end":{"line":59,"column":2}},"26":{"start":{"line":39,"column":34},"end":{"line":59,"column":2}},"27":{"start":{"line":40,"column":4},"end":{"line":40,"column":51}},"28":{"start":{"line":41,"column":15},"end":{"line":41,"column":28}},"29":{"start":{"line":42,"column":4},"end":{"line":44,"column":5}},"30":{"start":{"line":43,"column":8},"end":{"line":43,"column":62}},"31":{"start":{"line":45,"column":4},"end":{"line":58,"column":5}},"32":{"start":{"line":46,"column":21},"end":{"line":46,"column":60}},"33":{"start":{"line":47,"column":8},"end":{"line":54,"column":9}},"34":{"start":{"line":48,"column":12},"end":{"line":50,"column":15}},"35":{"start":{"line":53,"column":12},"end":{"line":53,"column":39}},"36":{"start":{"line":57,"column":8},"end":{"line":57,"column":57}},"37":{"start":{"line":60,"column":23},"end":{"line":62,"column":1}},"38":{"start":{"line":61,"column":4},"end":{"line":61,"column":32}},"39":{"start":{"line":68,"column":22},"end":{"line":84,"column":2}},"40":{"start":{"line":68,"column":36},"end":{"line":84,"column":2}},"41":{"start":{"line":69,"column":4},"end":{"line":69,"column":26}},"42":{"start":{"line":70,"column":19},"end":{"line":70,"column":31}},"43":{"start":{"line":71,"column":17},"end":{"line":74,"column":6}},"44":{"start":{"line":75,"column":4},"end":{"line":83,"column":5}},"45":{"start":{"line":76,"column":24},"end":{"line":76,"column":41}},"46":{"start":{"line":77,"column":8},"end":{"line":77,"column":38}},"47":{"start":{"line":80,"column":8},"end":{"line":82,"column":11}},"48":{"start":{"line":85,"column":23},"end":{"line":98,"column":2}},"49":{"start":{"line":85,"column":37},"end":{"line":98,"column":2}},"50":{"start":{"line":86,"column":4},"end":{"line":86,"column":54}},"51":{"start":{"line":87,"column":15},"end":{"line":87,"column":28}},"52":{"start":{"line":88,"column":4},"end":{"line":90,"column":5}},"53":{"start":{"line":89,"column":8},"end":{"line":89,"column":58}},"54":{"start":{"line":91,"column":4},"end":{"line":97,"column":5}},"55":{"start":{"line":92,"column":8},"end":{"line":92,"column":60}},"56":{"start":{"line":93,"column":8},"end":{"line":93,"column":31}},"57":{"start":{"line":96,"column":8},"end":{"line":96,"column":57}},"58":{"start":{"line":99,"column":0},"end":{"line":105,"column":2}}},"fnMap":{"0":{"name":"(anonymous_0)","decl":{"start":{"line":2,"column":44},"end":{"line":2,"column":45}},"loc":{"start":{"line":2,"column":89},"end":{"line":10,"column":1}},"line":2},"1":{"name":"adopt","decl":{"start":{"line":3,"column":13},"end":{"line":3,"column":18}},"loc":{"start":{"line":3,"column":26},"end":{"line":3,"column":112}},"line":3},"2":{"name":"(anonymous_2)","decl":{"start":{"line":3,"column":70},"end":{"line":3,"column":71}},"loc":{"start":{"line":3,"column":89},"end":{"line":3,"column":108}},"line":3},"3":{"name":"(anonymous_3)","decl":{"start":{"line":4,"column":36},"end":{"line":4,"column":37}},"loc":{"start":{"line":4,"column":63},"end":{"line":9,"column":5}},"line":4},"4":{"name":"fulfilled","decl":{"start":{"line":5,"column":17},"end":{"line":5,"column":26}},"loc":{"start":{"line":5,"column":34},"end":{"line":5,"column":99}},"line":5},"5":{"name":"rejected","decl":{"start":{"line":6,"column":17},"end":{"line":6,"column":25}},"loc":{"start":{"line":6,"column":33},"end":{"line":6,"column":102}},"line":6},"6":{"name":"step","decl":{"start":{"line":7,"column":17},"end":{"line":7,"column":21}},"loc":{"start":{"line":7,"column":30},"end":{"line":7,"column":118}},"line":7},"7":{"name":"(anonymous_7)","decl":{"start":{"line":11,"column":56},"end":{"line":11,"column":57}},"loc":{"start":{"line":11,"column":71},"end":{"line":13,"column":1}},"line":11},"8":{"name":"(anonymous_8)","decl":{"start":{"line":20,"column":20},"end":{"line":20,"column":21}},"loc":{"start":{"line":20,"column":34},"end":{"line":38,"column":2}},"line":20},"9":{"name":"(anonymous_9)","decl":{"start":{"line":20,"column":68},"end":{"line":20,"column":69}},"loc":{"start":{"line":20,"column":81},"end":{"line":38,"column":1}},"line":20},"10":{"name":"(anonymous_10)","decl":{"start":{"line":39,"column":20},"end":{"line":39,"column":21}},"loc":{"start":{"line":39,"column":34},"end":{"line":59,"column":2}},"line":39},"11":{"name":"(anonymous_11)","decl":{"start":{"line":39,"column":68},"end":{"line":39,"column":69}},"loc":{"start":{"line":39,"column":81},"end":{"line":59,"column":1}},"line":39},"12":{"name":"(anonymous_12)","decl":{"start":{"line":60,"column":23},"end":{"line":60,"column":24}},"loc":{"start":{"line":60,"column":37},"end":{"line":62,"column":1}},"line":60},"13":{"name":"(anonymous_13)","decl":{"start":{"line":68,"column":22},"end":{"line":68,"column":23}},"loc":{"start":{"line":68,"column":36},"end":{"line":84,"column":2}},"line":68},"14":{"name":"(anonymous_14)","decl":{"start":{"line":68,"column":70},"end":{"line":68,"column":71}},"loc":{"start":{"line":68,"column":83},"end":{"line":84,"column":1}},"line":68},"15":{"name":"(anonymous_15)","decl":{"start":{"line":85,"column":23},"end":{"line":85,"column":24}},"loc":{"start":{"line":85,"column":37},"end":{"line":98,"column":2}},"line":85},"16":{"name":"(anonymous_16)","decl":{"start":{"line":85,"column":71},"end":{"line":85,"column":72}},"loc":{"start":{"line":85,"column":84},"end":{"line":98,"column":1}},"line":85}},"branchMap":{"0":{"loc":{"start":{"line":2,"column":16},"end":{"line":10,"column":1}},"type":"binary-expr","locations":[{"start":{"line":2,"column":17},"end":{"line":2,"column":21}},{"start":{"line":2,"column":25},"end":{"line":2,"column":39}},{"start":{"line":2,"column":44},"end":{"line":10,"column":1}}],"line":2},"1":{"loc":{"start":{"line":3,"column":35},"end":{"line":3,"column":109}},"type":"cond-expr","locations":[{"start":{"line":3,"column":56},"end":{"line":3,"column":61}},{"start":{"line":3,"column":64},"end":{"line":3,"column":109}}],"line":3},"2":{"loc":{"start":{"line":4,"column":16},"end":{"line":4,"column":34}},"type":"binary-expr","locations":[{"start":{"line":4,"column":16},"end":{"line":4,"column":17}},{"start":{"line":4,"column":22},"end":{"line":4,"column":33}}],"line":4},"3":{"loc":{"start":{"line":7,"column":32},"end":{"line":7,"column":115}},"type":"cond-expr","locations":[{"start":{"line":7,"column":46},"end":{"line":7,"column":67}},{"start":{"line":7,"column":70},"end":{"line":7,"column":115}}],"line":7},"4":{"loc":{"start":{"line":8,"column":51},"end":{"line":8,"column":67}},"type":"binary-expr","locations":[{"start":{"line":8,"column":51},"end":{"line":8,"column":61}},{"start":{"line":8,"column":65},"end":{"line":8,"column":67}}],"line":8},"5":{"loc":{"start":{"line":11,"column":22},"end":{"line":13,"column":1}},"type":"binary-expr","locations":[{"start":{"line":11,"column":23},"end":{"line":11,"column":27}},{"start":{"line":11,"column":31},"end":{"line":11,"column":51}},{"start":{"line":11,"column":56},"end":{"line":13,"column":1}}],"line":11},"6":{"loc":{"start":{"line":12,"column":11},"end":{"line":12,"column":61}},"type":"cond-expr","locations":[{"start":{"line":12,"column":37},"end":{"line":12,"column":40}},{"start":{"line":12,"column":43},"end":{"line":12,"column":61}}],"line":12},"7":{"loc":{"start":{"line":12,"column":12},"end":{"line":12,"column":33}},"type":"binary-expr","locations":[{"start":{"line":12,"column":12},"end":{"line":12,"column":15}},{"start":{"line":12,"column":19},"end":{"line":12,"column":33}}],"line":12},"8":{"loc":{"start":{"line":25,"column":8},"end":{"line":30,"column":9}},"type":"if","locations":[{"start":{"line":25,"column":8},"end":{"line":30,"column":9}},{"start":{"line":28,"column":13},"end":{"line":30,"column":9}}],"line":25},"9":{"loc":{"start":{"line":25,"column":12},"end":{"line":25,"column":49}},"type":"binary-expr","locations":[{"start":{"line":25,"column":12},"end":{"line":25,"column":26}},{"start":{"line":25,"column":30},"end":{"line":25,"column":49}}],"line":25},"10":{"loc":{"start":{"line":42,"column":4},"end":{"line":44,"column":5}},"type":"if","locations":[{"start":{"line":42,"column":4},"end":{"line":44,"column":5}},{"start":{},"end":{}}],"line":42},"11":{"loc":{"start":{"line":42,"column":8},"end":{"line":42,"column":37}},"type":"binary-expr","locations":[{"start":{"line":42,"column":8},"end":{"line":42,"column":18}},{"start":{"line":42,"column":22},"end":{"line":42,"column":37}}],"line":42},"12":{"loc":{"start":{"line":47,"column":8},"end":{"line":54,"column":9}},"type":"if","locations":[{"start":{"line":47,"column":8},"end":{"line":54,"column":9}},{"start":{"line":52,"column":13},"end":{"line":54,"column":9}}],"line":47},"13":{"loc":{"start":{"line":88,"column":4},"end":{"line":90,"column":5}},"type":"if","locations":[{"start":{"line":88,"column":4},"end":{"line":90,"column":5}},{"start":{},"end":{}}],"line":88},"14":{"loc":{"start":{"line":88,"column":8},"end":{"line":88,"column":37}},"type":"binary-expr","locations":[{"start":{"line":88,"column":8},"end":{"line":88,"column":18}},{"start":{"line":88,"column":22},"end":{"line":88,"column":37}}],"line":88}},"s":{"0":1,"1":3,"2":3,"3":3,"4":3,"5":3,"6":0,"7":0,"8":0,"9":0,"10":6,"11":3,"12":1,"13":1,"14":1,"15":1,"16":3,"17":3,"18":3,"19":3,"20":3,"21":1,"22":2,"23":3,"24":0,"25":1,"26":0,"27":0,"28":0,"29":0,"30":0,"31":0,"32":0,"33":0,"34":0,"35":0,"36":0,"37":1,"38":0,"39":1,"40":0,"41":0,"42":0,"43":0,"44":0,"45":0,"46":0,"47":0,"48":1,"49":0,"50":0,"51":0,"52":0,"53":0,"54":0,"55":0,"56":0,"57":0,"58":1},"f":{"0":3,"1":3,"2":3,"3":3,"4":3,"5":0,"6":6,"7":1,"8":3,"9":3,"10":0,"11":0,"12":0,"13":0,"14":0,"15":0,"16":0},"b":{"0":[1,1,1],"1":[0,3],"2":[3,3],"3":[3,3],"4":[3,3],"5":[1,1,1],"6":[0,1],"7":[1,1],"8":[1,2],"9":[3,2],"10":[0,0],"11":[0,0],"12":[0,0],"13":[0,0],"14":[0,0]},"inputSourceMap":null,"_coverageSchema":"1a1c01bbd47fc00a2c39e90264f33305004495a9","hash":"5ad04093964d1f19935cd36a452dc23f1b8201f5"}
,"C:\\Users\\User\\OneDrive\\Desktop\\studiing\\class2022\\dist\\models\\post_model.js": {"path":"C:\\Users\\User\\OneDrive\\Desktop\\studiing\\class2022\\dist\\models\\post_model.js","statementMap":{"0":{"start":{"line":2,"column":22},"end":{"line":4,"column":1}},"1":{"start":{"line":3,"column":4},"end":{"line":3,"column":62}},"2":{"start":{"line":5,"column":19},"end":{"line":5,"column":55}},"3":{"start":{"line":6,"column":19},"end":{"line":15,"column":2}},"4":{"start":{"line":16,"column":0},"end":{"line":16,"column":62}}},"fnMap":{"0":{"name":"(anonymous_0)","decl":{"start":{"line":2,"column":56},"end":{"line":2,"column":57}},"loc":{"start":{"line":2,"column":71},"end":{"line":4,"column":1}},"line":2}},"branchMap":{"0":{"loc":{"start":{"line":2,"column":22},"end":{"line":4,"column":1}},"type":"binary-expr","locations":[{"start":{"line":2,"column":23},"end":{"line":2,"column":27}},{"start":{"line":2,"column":31},"end":{"line":2,"column":51}},{"start":{"line":2,"column":56},"end":{"line":4,"column":1}}],"line":2},"1":{"loc":{"start":{"line":3,"column":11},"end":{"line":3,"column":61}},"type":"cond-expr","locations":[{"start":{"line":3,"column":37},"end":{"line":3,"column":40}},{"start":{"line":3,"column":43},"end":{"line":3,"column":61}}],"line":3},"2":{"loc":{"start":{"line":3,"column":12},"end":{"line":3,"column":33}},"type":"binary-expr","locations":[{"start":{"line":3,"column":12},"end":{"line":3,"column":15}},{"start":{"line":3,"column":19},"end":{"line":3,"column":33}}],"line":3}},"s":{"0":1,"1":1,"2":1,"3":1,"4":1},"f":{"0":1},"b":{"0":[1,1,1],"1":[0,1],"2":[1,1]},"inputSourceMap":null,"_coverageSchema":"1a1c01bbd47fc00a2c39e90264f33305004495a9","hash":"4048ff7445df0a6e03818bab893d1e147321943a"}
,"C:\\Users\\User\\OneDrive\\Desktop\\studiing\\class2022\\dist\\models\\user_model.js": {"path":"C:\\Users\\User\\OneDrive\\Desktop\\studiing\\class2022\\dist\\models\\user_model.js","statementMap":{"0":{"start":{"line":2,"column":22},"end":{"line":4,"column":1}},"1":{"start":{"line":3,"column":4},"end":{"line":3,"column":62}},"2":{"start":{"line":5,"column":19},"end":{"line":5,"column":55}},"3":{"start":{"line":6,"column":19},"end":{"line":16,"column":2}},"4":{"start":{"line":17,"column":0},"end":{"line":17,"column":62}}},"fnMap":{"0":{"name":"(anonymous_0)","decl":{"start":{"line":2,"column":56},"end":{"line":2,"column":57}},"loc":{"start":{"line":2,"column":71},"end":{"line":4,"column":1}},"line":2}},"branchMap":{"0":{"loc":{"start":{"line":2,"column":22},"end":{"line":4,"column":1}},"type":"binary-expr","locations":[{"start":{"line":2,"column":23},"end":{"line":2,"column":27}},{"start":{"line":2,"column":31},"end":{"line":2,"column":51}},{"start":{"line":2,"column":56},"end":{"line":4,"column":1}}],"line":2},"1":{"loc":{"start":{"line":3,"column":11},"end":{"line":3,"column":61}},"type":"cond-expr","locations":[{"start":{"line":3,"column":37},"end":{"line":3,"column":40}},{"start":{"line":3,"column":43},"end":{"line":3,"column":61}}],"line":3},"2":{"loc":{"start":{"line":3,"column":12},"end":{"line":3,"column":33}},"type":"binary-expr","locations":[{"start":{"line":3,"column":12},"end":{"line":3,"column":15}},{"start":{"line":3,"column":19},"end":{"line":3,"column":33}}],"line":3}},"s":{"0":1,"1":1,"2":1,"3":1,"4":1},"f":{"0":1},"b":{"0":[1,1,1],"1":[0,1],"2":[1,1]},"inputSourceMap":null,"_coverageSchema":"1a1c01bbd47fc00a2c39e90264f33305004495a9","hash":"c4b770f784e4ead99027bec95b5b41b04717c658"}
,"C:\\Users\\User\\OneDrive\\Desktop\\studiing\\class2022\\dist\\routes\\auth_routes.js": {"path":"C:\\Users\\User\\OneDrive\\Desktop\\studiing\\class2022\\dist\\routes\\auth_routes.js","statementMap":{"0":{"start":{"line":2,"column":22},"end":{"line":4,"column":1}},"1":{"start":{"line":3,"column":4},"end":{"line":3,"column":62}},"2":{"start":{"line":5,"column":18},"end":{"line":5,"column":53}},"3":{"start":{"line":6,"column":15},"end":{"line":6,"column":41}},"4":{"start":{"line":7,"column":15},"end":{"line":7,"column":62}},"5":{"start":{"line":8,"column":0},"end":{"line":8,"column":50}},"6":{"start":{"line":9,"column":0},"end":{"line":9,"column":44}},"7":{"start":{"line":10,"column":0},"end":{"line":10,"column":24}}},"fnMap":{"0":{"name":"(anonymous_0)","decl":{"start":{"line":2,"column":56},"end":{"line":2,"column":57}},"loc":{"start":{"line":2,"column":71},"end":{"line":4,"column":1}},"line":2}},"branchMap":{"0":{"loc":{"start":{"line":2,"column":22},"end":{"line":4,"column":1}},"type":"binary-expr","locations":[{"start":{"line":2,"column":23},"end":{"line":2,"column":27}},{"start":{"line":2,"column":31},"end":{"line":2,"column":51}},{"start":{"line":2,"column":56},"end":{"line":4,"column":1}}],"line":2},"1":{"loc":{"start":{"line":3,"column":11},"end":{"line":3,"column":61}},"type":"cond-expr","locations":[{"start":{"line":3,"column":37},"end":{"line":3,"column":40}},{"start":{"line":3,"column":43},"end":{"line":3,"column":61}}],"line":3},"2":{"loc":{"start":{"line":3,"column":12},"end":{"line":3,"column":33}},"type":"binary-expr","locations":[{"start":{"line":3,"column":12},"end":{"line":3,"column":15}},{"start":{"line":3,"column":19},"end":{"line":3,"column":33}}],"line":3}},"s":{"0":1,"1":2,"2":1,"3":1,"4":1,"5":1,"6":1,"7":1},"f":{"0":2},"b":{"0":[1,1,1],"1":[0,2],"2":[2,2]},"inputSourceMap":null,"_coverageSchema":"1a1c01bbd47fc00a2c39e90264f33305004495a9","hash":"5ef9cd6efdb8fd8babe42abd5dcebadb46758021"}
,"C:\\Users\\User\\OneDrive\\Desktop\\studiing\\class2022\\dist\\routes\\post_routes.js": {"path":"C:\\Users\\User\\OneDrive\\Desktop\\studiing\\class2022\\dist\\routes\\post_routes.js","statementMap":{"0":{"start":{"line":2,"column":22},"end":{"line":4,"column":1}},"1":{"start":{"line":3,"column":4},"end":{"line":3,"column":62}},"2":{"start":{"line":5,"column":18},"end":{"line":5,"column":53}},"3":{"start":{"line":6,"column":15},"end":{"line":6,"column":41}},"4":{"start":{"line":7,"column":15},"end":{"line":7,"column":62}},"5":{"start":{"line":8,"column":26},"end":{"line":8,"column":79}},"6":{"start":{"line":9,"column":0},"end":{"line":9,"column":44}},"7":{"start":{"line":10,"column":0},"end":{"line":10,"column":47}},"8":{"start":{"line":11,"column":0},"end":{"line":11,"column":80}},"9":{"start":{"line":12,"column":0},"end":{"line":12,"column":77}},"10":{"start":{"line":13,"column":0},"end":{"line":13,"column":74}},"11":{"start":{"line":14,"column":0},"end":{"line":14,"column":24}}},"fnMap":{"0":{"name":"(anonymous_0)","decl":{"start":{"line":2,"column":56},"end":{"line":2,"column":57}},"loc":{"start":{"line":2,"column":71},"end":{"line":4,"column":1}},"line":2}},"branchMap":{"0":{"loc":{"start":{"line":2,"column":22},"end":{"line":4,"column":1}},"type":"binary-expr","locations":[{"start":{"line":2,"column":23},"end":{"line":2,"column":27}},{"start":{"line":2,"column":31},"end":{"line":2,"column":51}},{"start":{"line":2,"column":56},"end":{"line":4,"column":1}}],"line":2},"1":{"loc":{"start":{"line":3,"column":11},"end":{"line":3,"column":61}},"type":"cond-expr","locations":[{"start":{"line":3,"column":37},"end":{"line":3,"column":40}},{"start":{"line":3,"column":43},"end":{"line":3,"column":61}}],"line":3},"2":{"loc":{"start":{"line":3,"column":12},"end":{"line":3,"column":33}},"type":"binary-expr","locations":[{"start":{"line":3,"column":12},"end":{"line":3,"column":15}},{"start":{"line":3,"column":19},"end":{"line":3,"column":33}}],"line":3}},"s":{"0":1,"1":3,"2":1,"3":1,"4":1,"5":1,"6":1,"7":1,"8":1,"9":1,"10":1,"11":1},"f":{"0":3},"b":{"0":[1,1,1],"1":[0,3],"2":[3,3]},"inputSourceMap":null,"_coverageSchema":"1a1c01bbd47fc00a2c39e90264f33305004495a9","hash":"610c71930f36f016e73ac0dd49601a9ad4b202ae"}
,"C:\\Users\\User\\OneDrive\\Desktop\\studiing\\class2022\\src\\server.ts": {"path":"C:\\Users\\User\\OneDrive\\Desktop\\studiing\\class2022\\src\\server.ts","statementMap":{"0":{"start":{"line":1,"column":0},"end":{"line":1,"column":29}},"1":{"start":{"line":2,"column":12},"end":{"line":2,"column":21}},"2":{"start":{"line":3,"column":0},"end":{"line":3,"column":27}},"3":{"start":{"line":4,"column":0},"end":{"line":4,"column":null}},"4":{"start":{"line":6,"column":0},"end":{"line":6,"column":null}},"5":{"start":{"line":8,"column":0},"end":{"line":8,"column":31}},"6":{"start":{"line":9,"column":0},"end":{"line":9,"column":null}},"7":{"start":{"line":10,"column":11},"end":{"line":10,"column":30}},"8":{"start":{"line":11,"column":0},"end":{"line":11,"column":null}},"9":{"start":{"line":11,"column":22},"end":{"line":11,"column":43}},"10":{"start":{"line":12,"column":0},"end":{"line":12,"column":null}},"11":{"start":{"line":12,"column":20},"end":{"line":12,"column":53}},"12":{"start":{"line":14,"column":0},"end":{"line":14,"column":36}},"13":{"start":{"line":15,"column":0},"end":{"line":15,"column":null}},"14":{"start":{"line":16,"column":0},"end":{"line":16,"column":null}},"15":{"start":{"line":18,"column":0},"end":{"line":18,"column":46}},"16":{"start":{"line":19,"column":0},"end":{"line":19,"column":null}},"17":{"start":{"line":21,"column":0},"end":{"line":21,"column":46}},"18":{"start":{"line":22,"column":0},"end":{"line":22,"column":null}},"19":{"start":{"line":24,"column":0},"end":{"line":24,"column":null}}},"fnMap":{"0":{"name":"(anonymous_1)","decl":{"start":{"line":11,"column":14},"end":{"line":11,"column":19}},"loc":{"start":{"line":11,"column":21},"end":{"line":11,"column":43}}},"1":{"name":"(anonymous_2)","decl":{"start":{"line":12,"column":16},"end":{"line":12,"column":18}},"loc":{"start":{"line":12,"column":20},"end":{"line":12,"column":53}}}},"branchMap":{},"s":{"0":1,"1":1,"2":1,"3":1,"4":1,"5":1,"6":1,"7":1,"8":1,"9":0,"10":1,"11":1,"12":1,"13":1,"14":1,"15":1,"16":1,"17":1,"18":1,"19":1},"f":{"0":0,"1":1},"b":{}}
,"C:\\Users\\User\\OneDrive\\Desktop\\studiing\\class2022\\src\\common\\auth_middleware.ts": {"path":"C:\\Users\\User\\OneDrive\\Desktop\\studiing\\class2022\\src\\common\\auth_middleware.ts","statementMap":{"0":{"start":{"line":2,"column":0},"end":{"line":2,"column":30}},"1":{"start":{"line":3,"column":0},"end":{"line":3,"column":47}},"2":{"start":{"line":5,"column":23},"end":{"line":20,"column":null}},"3":{"start":{"line":5,"column":80},"end":{"line":20,"column":null}},"4":{"start":{"line":6,"column":16},"end":{"line":6,"column":44}},"5":{"start":{"line":7,"column":4},"end":{"line":10,"column":null}},"6":{"start":{"line":8,"column":8},"end":{"line":8,"column":null}},"7":{"start":{"line":9,"column":8},"end":{"line":9,"column":null}},"8":{"start":{"line":11,"column":4},"end":{"line":11,"column":null}},"9":{"start":{"line":12,"column":4},"end":{"line":19,"column":null}},"10":{"start":{"line":13,"column":8},"end":{"line":16,"column":null}},"11":{"start":{"line":14,"column":12},"end":{"line":14,"column":null}},"12":{"start":{"line":15,"column":12},"end":{"line":15,"column":null}},"13":{"start":{"line":17,"column":8},"end":{"line":17,"column":null}},"14":{"start":{"line":18,"column":8},"end":{"line":18,"column":null}},"15":{"start":{"line":22,"column":0},"end":{"line":22,"column":null}}},"fnMap":{"0":{"name":"(anonymous_8)","decl":{"start":{"line":5,"column":23},"end":{"line":5,"column":30}},"loc":{"start":{"line":5,"column":80},"end":{"line":20,"column":null}}},"1":{"name":"(anonymous_9)","decl":{"start":{"line":5,"column":80},"end":{"line":5,"column":null}},"loc":{"start":{"line":5,"column":80},"end":{"line":20,"column":1}}},"2":{"name":"(anonymous_10)","decl":{"start":{"line":12,"column":53},"end":{"line":12,"column":54}},"loc":{"start":{"line":12,"column":67},"end":{"line":19,"column":5}}}},"branchMap":{"0":{"loc":{"start":{"line":7,"column":4},"end":{"line":10,"column":null}},"type":"if","locations":[{"start":{"line":7,"column":4},"end":{"line":10,"column":null}}]},"1":{"loc":{"start":{"line":7,"column":8},"end":{"line":7,"column":43}},"type":"binary-expr","locations":[{"start":{"line":7,"column":8},"end":{"line":7,"column":26}},{"start":{"line":7,"column":30},"end":{"line":7,"column":43}}]},"2":{"loc":{"start":{"line":13,"column":8},"end":{"line":16,"column":null}},"type":"if","locations":[{"start":{"line":13,"column":8},"end":{"line":16,"column":null}}]}},"s":{"0":1,"1":1,"2":1,"3":2,"4":2,"5":2,"6":2,"7":2,"8":0,"9":0,"10":0,"11":0,"12":0,"13":0,"14":0,"15":1},"f":{"0":2,"1":2,"2":0},"b":{"0":[2],"1":[2,0],"2":[0]}}
,"C:\\Users\\User\\OneDrive\\Desktop\\studiing\\class2022\\src\\controllers\\auth.ts": {"path":"C:\\Users\\User\\OneDrive\\Desktop\\studiing\\class2022\\src\\controllers\\auth.ts","statementMap":{"0":{"start":{"line":1,"column":0},"end":{"line":1,"column":39}},"1":{"start":{"line":3,"column":0},"end":{"line":3,"column":45}},"2":{"start":{"line":4,"column":0},"end":{"line":4,"column":27}},"3":{"start":{"line":5,"column":0},"end":{"line":5,"column":30}},"4":{"start":{"line":14,"column":17},"end":{"line":67,"column":null}},"5":{"start":{"line":14,"column":55},"end":{"line":67,"column":null}},"6":{"start":{"line":15,"column":4},"end":{"line":15,"column":null}},"7":{"start":{"line":18,"column":18},"end":{"line":18,"column":32}},"8":{"start":{"line":19,"column":21},"end":{"line":19,"column":38}},"9":{"start":{"line":20,"column":4},"end":{"line":23,"column":null}},"10":{"start":{"line":22,"column":8},"end":{"line":22,"column":null}},"11":{"start":{"line":26,"column":17},"end":{"line":26,"column":41}},"12":{"start":{"line":27,"column":30},"end":{"line":27,"column":62}},"13":{"start":{"line":30,"column":17},"end":{"line":33,"column":6}},"14":{"start":{"line":34,"column":4},"end":{"line":62,"column":null}},"15":{"start":{"line":35,"column":24},"end":{"line":35,"column":41}},"16":{"start":{"line":38,"column":9},"end":{"line":38,"column":null}},"17":{"start":{"line":40,"column":28},"end":{"line":43,"column":null}},"18":{"start":{"line":46,"column":6},"end":{"line":46,"column":null}},"19":{"start":{"line":61,"column":8},"end":{"line":61,"column":null}},"20":{"start":{"line":69,"column":14},"end":{"line":105,"column":null}},"21":{"start":{"line":69,"column":52},"end":{"line":105,"column":null}},"22":{"start":{"line":70,"column":4},"end":{"line":70,"column":null}},"23":{"start":{"line":71,"column":18},"end":{"line":71,"column":32}},"24":{"start":{"line":72,"column":19},"end":{"line":72,"column":36}},"25":{"start":{"line":73,"column":2},"end":{"line":77,"column":null}},"26":{"start":{"line":74,"column":4},"end":{"line":76,"column":50}},"27":{"start":{"line":78,"column":2},"end":{"line":102,"column":null}},"28":{"start":{"line":80,"column":17},"end":{"line":80,"column":53}},"29":{"start":{"line":81,"column":4},"end":{"line":85,"column":null}},"30":{"start":{"line":82,"column":6},"end":{"line":84,"column":52}},"31":{"start":{"line":86,"column":18},"end":{"line":86,"column":63}},"32":{"start":{"line":87,"column":4},"end":{"line":91,"column":null}},"33":{"start":{"line":88,"column":6},"end":{"line":90,"column":52}},"34":{"start":{"line":93,"column":24},"end":{"line":96,"column":null}},"35":{"start":{"line":98,"column":4},"end":{"line":98,"column":null}},"36":{"start":{"line":101,"column":4},"end":{"line":101,"column":76}},"37":{"start":{"line":108,"column":0},"end":{"line":112,"column":null}}},"fnMap":{"0":{"name":"(anonymous_8)","decl":{"start":{"line":14,"column":17},"end":{"line":14,"column":24}},"loc":{"start":{"line":14,"column":55},"end":{"line":67,"column":null}}},"1":{"name":"(anonymous_9)","decl":{"start":{"line":14,"column":55},"end":{"line":14,"column":null}},"loc":{"start":{"line":14,"column":55},"end":{"line":67,"column":1}}},"2":{"name":"(anonymous_10)","decl":{"start":{"line":69,"column":14},"end":{"line":69,"column":21}},"loc":{"start":{"line":69,"column":52},"end":{"line":105,"column":null}}},"3":{"name":"(anonymous_11)","decl":{"start":{"line":69,"column":52},"end":{"line":69,"column":null}},"loc":{"start":{"line":69,"column":52},"end":{"line":105,"column":1}}}},"branchMap":{"0":{"loc":{"start":{"line":20,"column":4},"end":{"line":23,"column":null}},"type":"if","locations":[{"start":{"line":20,"column":4},"end":{"line":23,"column":null}}]},"1":{"loc":{"start":{"line":20,"column":7},"end":{"line":20,"column":79}},"type":"binary-expr","locations":[{"start":{"line":20,"column":7},"end":{"line":20,"column":18}},{"start":{"line":20,"column":22},"end":{"line":20,"column":38}},{"start":{"line":20,"column":42},"end":{"line":20,"column":56}},{"start":{"line":20,"column":60},"end":{"line":20,"column":79}}]},"2":{"loc":{"start":{"line":73,"column":2},"end":{"line":77,"column":null}},"type":"if","locations":[{"start":{"line":73,"column":2},"end":{"line":77,"column":null}}]},"3":{"loc":{"start":{"line":73,"column":6},"end":{"line":73,"column":39}},"type":"binary-expr","locations":[{"start":{"line":73,"column":6},"end":{"line":73,"column":19}},{"start":{"line":73,"column":23},"end":{"line":73,"column":39}}]},"4":{"loc":{"start":{"line":81,"column":4},"end":{"line":85,"column":null}},"type":"if","locations":[{"start":{"line":81,"column":4},"end":{"line":85,"column":null}}]},"5":{"loc":{"start":{"line":87,"column":4},"end":{"line":91,"column":null}},"type":"if","locations":[{"start":{"line":87,"column":4},"end":{"line":91,"column":null}}]}},"s":{"0":1,"1":1,"2":1,"3":1,"4":1,"5":0,"6":0,"7":0,"8":0,"9":0,"10":0,"11":0,"12":0,"13":0,"14":0,"15":0,"16":0,"17":0,"18":0,"19":0,"20":1,"21":0,"22":0,"23":0,"24":0,"25":0,"26":0,"27":0,"28":0,"29":0,"30":0,"31":0,"32":0,"33":0,"34":0,"35":0,"36":0,"37":1},"f":{"0":0,"1":0,"2":0,"3":0},"b":{"0":[0],"1":[0,0,0,0],"2":[0],"3":[0,0],"4":[0],"5":[0]}}
,"C:\\Users\\User\\OneDrive\\Desktop\\studiing\\class2022\\src\\controllers\\post.ts": {"path":"C:\\Users\\User\\OneDrive\\Desktop\\studiing\\class2022\\src\\controllers\\post.ts","statementMap":{"0":{"start":{"line":1,"column":0},"end":{"line":1,"column":39}},"1":{"start":{"line":10,"column":20},"end":{"line":28,"column":null}},"2":{"start":{"line":10,"column":58},"end":{"line":28,"column":null}},"3":{"start":{"line":11,"column":4},"end":{"line":11,"column":null}},"4":{"start":{"line":13,"column":4},"end":{"line":27,"column":null}},"5":{"start":{"line":14,"column":23},"end":{"line":14,"column":39}},"6":{"start":{"line":16,"column":8},"end":{"line":20,"column":null}},"7":{"start":{"line":17,"column":12},"end":{"line":17,"column":null}},"8":{"start":{"line":19,"column":12},"end":{"line":19,"column":null}},"9":{"start":{"line":21,"column":8},"end":{"line":21,"column":null}},"10":{"start":{"line":23,"column":8},"end":{"line":25,"column":null}},"11":{"start":{"line":30,"column":20},"end":{"line":50,"column":null}},"12":{"start":{"line":30,"column":57},"end":{"line":50,"column":null}},"13":{"start":{"line":31,"column":4},"end":{"line":31,"column":null}},"14":{"start":{"line":32,"column":15},"end":{"line":32,"column":28}},"15":{"start":{"line":33,"column":4},"end":{"line":36,"column":null}},"16":{"start":{"line":35,"column":8},"end":{"line":35,"column":null}},"17":{"start":{"line":37,"column":4},"end":{"line":48,"column":null}},"18":{"start":{"line":38,"column":21},"end":{"line":38,"column":44}},"19":{"start":{"line":39,"column":8},"end":{"line":45,"column":null}},"20":{"start":{"line":40,"column":12},"end":{"line":42,"column":null}},"21":{"start":{"line":44,"column":12},"end":{"line":44,"column":null}},"22":{"start":{"line":47,"column":8},"end":{"line":47,"column":null}},"23":{"start":{"line":52,"column":23},"end":{"line":54,"column":1}},"24":{"start":{"line":53,"column":4},"end":{"line":53,"column":null}},"25":{"start":{"line":63,"column":22},"end":{"line":80,"column":null}},"26":{"start":{"line":63,"column":56},"end":{"line":80,"column":null}},"27":{"start":{"line":64,"column":4},"end":{"line":64,"column":null}},"28":{"start":{"line":65,"column":19},"end":{"line":65,"column":31}},"29":{"start":{"line":66,"column":17},"end":{"line":69,"column":6}},"30":{"start":{"line":70,"column":4},"end":{"line":78,"column":null}},"31":{"start":{"line":71,"column":24},"end":{"line":71,"column":41}},"32":{"start":{"line":72,"column":8},"end":{"line":72,"column":null}},"33":{"start":{"line":75,"column":8},"end":{"line":77,"column":null}},"34":{"start":{"line":82,"column":23},"end":{"line":96,"column":null}},"35":{"start":{"line":82,"column":56},"end":{"line":96,"column":null}},"36":{"start":{"line":83,"column":4},"end":{"line":83,"column":null}},"37":{"start":{"line":84,"column":15},"end":{"line":84,"column":28}},"38":{"start":{"line":85,"column":4},"end":{"line":88,"column":null}},"39":{"start":{"line":87,"column":8},"end":{"line":87,"column":null}},"40":{"start":{"line":89,"column":4},"end":{"line":94,"column":null}},"41":{"start":{"line":90,"column":8},"end":{"line":90,"column":null}},"42":{"start":{"line":91,"column":8},"end":{"line":91,"column":null}},"43":{"start":{"line":93,"column":8},"end":{"line":93,"column":null}},"44":{"start":{"line":98,"column":0},"end":{"line":104,"column":null}}},"fnMap":{"0":{"name":"(anonymous_8)","decl":{"start":{"line":10,"column":20},"end":{"line":10,"column":27}},"loc":{"start":{"line":10,"column":58},"end":{"line":28,"column":null}}},"1":{"name":"(anonymous_9)","decl":{"start":{"line":10,"column":58},"end":{"line":10,"column":null}},"loc":{"start":{"line":10,"column":58},"end":{"line":28,"column":1}}},"2":{"name":"(anonymous_10)","decl":{"start":{"line":30,"column":20},"end":{"line":30,"column":26}},"loc":{"start":{"line":30,"column":57},"end":{"line":50,"column":null}}},"3":{"name":"(anonymous_11)","decl":{"start":{"line":30,"column":57},"end":{"line":30,"column":null}},"loc":{"start":{"line":30,"column":57},"end":{"line":50,"column":1}}},"4":{"name":"(anonymous_12)","decl":{"start":{"line":52,"column":23},"end":{"line":52,"column":24}},"loc":{"start":{"line":52,"column":51},"end":{"line":54,"column":1}}},"5":{"name":"(anonymous_13)","decl":{"start":{"line":63,"column":22},"end":{"line":63,"column":29}},"loc":{"start":{"line":63,"column":56},"end":{"line":80,"column":null}}},"6":{"name":"(anonymous_14)","decl":{"start":{"line":63,"column":56},"end":{"line":63,"column":null}},"loc":{"start":{"line":63,"column":56},"end":{"line":80,"column":1}}},"7":{"name":"(anonymous_15)","decl":{"start":{"line":82,"column":23},"end":{"line":82,"column":29}},"loc":{"start":{"line":82,"column":56},"end":{"line":96,"column":null}}},"8":{"name":"(anonymous_16)","decl":{"start":{"line":82,"column":56},"end":{"line":82,"column":null}},"loc":{"start":{"line":82,"column":56},"end":{"line":96,"column":1}}}},"branchMap":{"0":{"loc":{"start":{"line":16,"column":8},"end":{"line":20,"column":null}},"type":"if","locations":[{"start":{"line":16,"column":8},"end":{"line":20,"column":null}},{"start":{"line":18,"column":13},"end":{"line":20,"column":null}}]},"1":{"loc":{"start":{"line":16,"column":12},"end":{"line":16,"column":48}},"type":"binary-expr","locations":[{"start":{"line":16,"column":12},"end":{"line":16,"column":26}},{"start":{"line":16,"column":29},"end":{"line":16,"column":48}}]},"2":{"loc":{"start":{"line":33,"column":4},"end":{"line":36,"column":null}},"type":"if","locations":[{"start":{"line":33,"column":4},"end":{"line":36,"column":null}}]},"3":{"loc":{"start":{"line":33,"column":8},"end":{"line":33,"column":37}},"type":"binary-expr","locations":[{"start":{"line":33,"column":8},"end":{"line":33,"column":18}},{"start":{"line":33,"column":22},"end":{"line":33,"column":37}}]},"4":{"loc":{"start":{"line":39,"column":8},"end":{"line":45,"column":null}},"type":"if","locations":[{"start":{"line":39,"column":8},"end":{"line":45,"column":null}},{"start":{"line":43,"column":13},"end":{"line":45,"column":null}}]},"5":{"loc":{"start":{"line":85,"column":4},"end":{"line":88,"column":null}},"type":"if","locations":[{"start":{"line":85,"column":4},"end":{"line":88,"column":null}}]},"6":{"loc":{"start":{"line":85,"column":8},"end":{"line":85,"column":37}},"type":"binary-expr","locations":[{"start":{"line":85,"column":8},"end":{"line":85,"column":18}},{"start":{"line":85,"column":22},"end":{"line":85,"column":37}}]}},"s":{"0":1,"1":1,"2":3,"3":3,"4":3,"5":3,"6":3,"7":1,"8":2,"9":3,"10":0,"11":1,"12":0,"13":0,"14":0,"15":0,"16":0,"17":0,"18":0,"19":0,"20":0,"21":0,"22":0,"23":1,"24":0,"25":1,"26":0,"27":0,"28":0,"29":0,"30":0,"31":0,"32":0,"33":0,"34":1,"35":0,"36":0,"37":0,"38":0,"39":0,"40":0,"41":0,"42":0,"43":0,"44":1},"f":{"0":3,"1":3,"2":0,"3":0,"4":0,"5":0,"6":0,"7":0,"8":0},"b":{"0":[1,2],"1":[3,2],"2":[0],"3":[0,0],"4":[0,0],"5":[0],"6":[0,0]}}
,"C:\\Users\\User\\OneDrive\\Desktop\\studiing\\class2022\\src\\models\\post_model.ts": {"path":"C:\\Users\\User\\OneDrive\\Desktop\\studiing\\class2022\\src\\models\\post_model.ts","statementMap":{"0":{"start":{"line":1,"column":0},"end":{"line":1,"column":31}},"1":{"start":{"line":3,"column":19},"end":{"line":12,"column":2}},"2":{"start":{"line":14,"column":0},"end":{"line":14,"column":null}}},"fnMap":{},"branchMap":{},"s":{"0":1,"1":1,"2":1},"f":{},"b":{}}
,"C:\\Users\\User\\OneDrive\\Desktop\\studiing\\class2022\\src\\models\\user_model.ts": {"path":"C:\\Users\\User\\OneDrive\\Desktop\\studiing\\class2022\\src\\models\\user_model.ts","statementMap":{"0":{"start":{"line":1,"column":0},"end":{"line":1,"column":31}},"1":{"start":{"line":3,"column":19},"end":{"line":13,"column":2}},"2":{"start":{"line":15,"column":0},"end":{"line":15,"column":null}}},"fnMap":{},"branchMap":{},"s":{"0":1,"1":1,"2":1},"f":{},"b":{}}
,"C:\\Users\\User\\OneDrive\\Desktop\\studiing\\class2022\\src\\routes\\auth_routes.ts": {"path":"C:\\Users\\User\\OneDrive\\Desktop\\studiing\\class2022\\src\\routes\\auth_routes.ts","statementMap":{"0":{"start":{"line":1,"column":0},"end":{"line":1,"column":29}},"1":{"start":{"line":2,"column":15},"end":{"line":2,"column":31}},"2":{"start":{"line":3,"column":0},"end":{"line":3,"column":38}},"3":{"start":{"line":5,"column":0},"end":{"line":5,"column":null}},"4":{"start":{"line":7,"column":0},"end":{"line":7,"column":null}},"5":{"start":{"line":11,"column":0},"end":{"line":11,"column":null}}},"fnMap":{},"branchMap":{},"s":{"0":1,"1":1,"2":1,"3":1,"4":1,"5":1},"f":{},"b":{}}
,"C:\\Users\\User\\OneDrive\\Desktop\\studiing\\class2022\\src\\routes\\post_routes.ts": {"path":"C:\\Users\\User\\OneDrive\\Desktop\\studiing\\class2022\\src\\routes\\post_routes.ts","statementMap":{"0":{"start":{"line":1,"column":0},"end":{"line":1,"column":29}},"1":{"start":{"line":2,"column":15},"end":{"line":2,"column":31}},"2":{"start":{"line":3,"column":0},"end":{"line":3,"column":38}},"3":{"start":{"line":4,"column":0},"end":{"line":4,"column":52}},"4":{"start":{"line":6,"column":0},"end":{"line":6,"column":null}},"5":{"start":{"line":8,"column":0},"end":{"line":8,"column":null}},"6":{"start":{"line":11,"column":0},"end":{"line":11,"column":null}},"7":{"start":{"line":15,"column":0},"end":{"line":15,"column":null}},"8":{"start":{"line":17,"column":0},"end":{"line":17,"column":null}},"9":{"start":{"line":19,"column":0},"end":{"line":19,"column":null}}},"fnMap":{},"branchMap":{},"s":{"0":1,"1":1,"2":1,"3":1,"4":1,"5":1,"6":1,"7":1,"8":1,"9":1},"f":{},"b":{}}
}
